{
  "stats": {
    "suites": 1,
    "tests": 1,
    "passes": 1,
    "pending": 0,
    "failures": 0,
    "start": "2023-01-04T22:14:03.194Z",
    "end": "2023-01-04T22:14:05.227Z",
    "duration": 2033,
    "testsRegistered": 1,
    "passPercent": 100,
    "pendingPercent": 0,
    "other": 0,
    "hasOther": false,
    "skipped": 0,
    "hasSkipped": false
  },
  "results": [
    {
      "uuid": "67438db7-1d4e-4427-886c-20e6cddad0ac",
      "title": "",
      "fullFile": "cypress\\e2e\\authentication\\logout.cy.js",
      "file": "cypress\\e2e\\authentication\\logout.cy.js",
      "beforeHooks": [],
      "afterHooks": [],
      "tests": [],
      "suites": [
        {
          "uuid": "9c8d9bd0-49cb-4764-a3e7-cd6ae3be9555",
          "title": "Logout Page suite",
          "fullFile": "",
          "file": "",
          "beforeHooks": [],
          "afterHooks": [],
          "tests": [
            {
              "title": "1. Logout succesufully",
              "fullTitle": "Logout Page suite 1. Logout succesufully",
              "timedOut": null,
              "duration": 1978,
              "state": "passed",
              "speed": "fast",
              "pass": true,
              "fail": false,
              "pending": false,
              "context": null,
              "code": "cy.loginUser(standardUser.username, standardUser.password);\ncy.logoutUser();\ncy.get(_LogIn.LogIn.constLogInButton).should('be.visible');",
              "err": {},
              "uuid": "fade3199-20ae-473c-b349-dc32c47e21a6",
              "parentUUID": "9c8d9bd0-49cb-4764-a3e7-cd6ae3be9555",
              "isHook": false,
              "skipped": false
            }
          ],
          "suites": [],
          "passes": [
            "fade3199-20ae-473c-b349-dc32c47e21a6"
          ],
          "failures": [],
          "pending": [],
          "skipped": [],
          "duration": 1978,
          "root": false,
          "rootEmpty": false,
          "_timeout": 2000
        }
      ],
      "passes": [],
      "failures": [],
      "pending": [],
      "skipped": [],
      "duration": 0,
      "root": true,
      "rootEmpty": true,
      "_timeout": 2000
    }
  ],
  "meta": {
    "mocha": {
      "version": "7.0.1"
    },
    "mochawesome": {
      "options": {
        "quiet": false,
        "reportFilename": "mochawesome",
        "saveHtml": false,
        "saveJson": true,
        "consoleReporter": "spec",
        "useInlineDiffs": false,
        "code": true
      },
      "version": "7.1.3"
    },
    "marge": {
      "options": {
        "charts": true,
        "overwrite": false,
        "html": false,
        "json": true,
        "reportDir": "cypress\\report\\.jsons"
      },
      "version": "6.2.0"
    }
  }
}