{
  "stats": {
    "suites": 1,
    "tests": 1,
    "passes": 1,
    "pending": 0,
    "failures": 0,
    "start": "2022-12-29T10:03:04.552Z",
    "end": "2022-12-29T10:03:06.467Z",
    "duration": 1915,
    "testsRegistered": 1,
    "passPercent": 100,
    "pendingPercent": 0,
    "other": 0,
    "hasOther": false,
    "skipped": 0,
    "hasSkipped": false
  },
  "results": [
    {
      "uuid": "3477454c-8665-42f8-8243-265f74dcb5a8",
      "title": "",
      "fullFile": "cypress\\e2e\\authentication\\logout.cy.js",
      "file": "cypress\\e2e\\authentication\\logout.cy.js",
      "beforeHooks": [],
      "afterHooks": [],
      "tests": [],
      "suites": [
        {
          "uuid": "f2efc8b9-d3b7-4aec-9f02-355bb0d4469f",
          "title": "Logout Page suite",
          "fullFile": "",
          "file": "",
          "beforeHooks": [],
          "afterHooks": [],
          "tests": [
            {
              "title": "1. Logout succesufully",
              "fullTitle": "Logout Page suite 1. Logout succesufully",
              "timedOut": null,
              "duration": 1867,
              "state": "passed",
              "speed": "fast",
              "pass": true,
              "fail": false,
              "pending": false,
              "context": null,
              "code": "cy.loginUser(standardUser.username, standardUser.password);\ncy.logoutUser();\ncy.get(_LogIn.LogIn.constLogInButton).should('be.visible');",
              "err": {},
              "uuid": "a5a5c986-35ed-4674-b751-e06b3deb406d",
              "parentUUID": "f2efc8b9-d3b7-4aec-9f02-355bb0d4469f",
              "isHook": false,
              "skipped": false
            }
          ],
          "suites": [],
          "passes": [
            "a5a5c986-35ed-4674-b751-e06b3deb406d"
          ],
          "failures": [],
          "pending": [],
          "skipped": [],
          "duration": 1867,
          "root": false,
          "rootEmpty": false,
          "_timeout": 2000
        }
      ],
      "passes": [],
      "failures": [],
      "pending": [],
      "skipped": [],
      "duration": 0,
      "root": true,
      "rootEmpty": true,
      "_timeout": 2000
    }
  ],
  "meta": {
    "mocha": {
      "version": "7.0.1"
    },
    "mochawesome": {
      "options": {
        "quiet": false,
        "reportFilename": "mochawesome",
        "saveHtml": false,
        "saveJson": true,
        "consoleReporter": "spec",
        "useInlineDiffs": false,
        "code": true
      },
      "version": "7.1.3"
    },
    "marge": {
      "options": {
        "charts": true,
        "overwrite": false,
        "html": false,
        "json": true,
        "reportDir": "cypress\\report\\.jsons"
      },
      "version": "6.2.0"
    }
  }
}