{
  "stats": {
    "suites": 1,
    "tests": 2,
    "passes": 2,
    "pending": 0,
    "failures": 0,
    "start": "2022-12-29T09:41:44.027Z",
    "end": "2022-12-29T09:41:46.020Z",
    "duration": 1993,
    "testsRegistered": 2,
    "passPercent": 100,
    "pendingPercent": 0,
    "other": 0,
    "hasOther": false,
    "skipped": 0,
    "hasSkipped": false
  },
  "results": [
    {
      "uuid": "da1a749c-2418-49c4-b672-ef6e4629e376",
      "title": "",
      "fullFile": "cypress\\e2e\\authentication\\login.cy.js",
      "file": "cypress\\e2e\\authentication\\login.cy.js",
      "beforeHooks": [],
      "afterHooks": [],
      "tests": [],
      "suites": [
        {
          "uuid": "3e2d296a-71f2-43cc-aa1d-ce6a63d4ae6f",
          "title": "Login Page suite",
          "fullFile": "",
          "file": "",
          "beforeHooks": [],
          "afterHooks": [],
          "tests": [
            {
              "title": "1. Login with empty username and password",
              "fullTitle": "Login Page suite 1. Login with empty username and password",
              "timedOut": null,
              "duration": 1001,
              "state": "passed",
              "speed": "fast",
              "pass": true,
              "fail": false,
              "pending": false,
              "context": null,
              "code": "cy.get('[data-test=\"login-button\"]').click();\ncy.get('[data-test=\"error\"]').should('have.text', _constLogIn.loginPageErrors.epmtyFieldsError);",
              "err": {},
              "uuid": "2e6af3ff-75f3-42aa-84c6-41f3340fc1d9",
              "parentUUID": "3e2d296a-71f2-43cc-aa1d-ce6a63d4ae6f",
              "isHook": false,
              "skipped": false
            },
            {
              "title": "2. Login succesufully",
              "fullTitle": "Login Page suite 2. Login succesufully",
              "timedOut": null,
              "duration": 930,
              "state": "passed",
              "speed": "fast",
              "pass": true,
              "fail": false,
              "pending": false,
              "context": null,
              "code": "cy.get('[data-test=\"username\"]').type('standard_user');\ncy.get('[data-test=\"password\"]').type('secret_sauce');\ncy.get('[data-test=\"login-button\"]').click();\ncy.get('.title').contains('Products');",
              "err": {},
              "uuid": "affae085-64a5-441b-b2c3-eee669aebd3c",
              "parentUUID": "3e2d296a-71f2-43cc-aa1d-ce6a63d4ae6f",
              "isHook": false,
              "skipped": false
            }
          ],
          "suites": [],
          "passes": [
            "2e6af3ff-75f3-42aa-84c6-41f3340fc1d9",
            "affae085-64a5-441b-b2c3-eee669aebd3c"
          ],
          "failures": [],
          "pending": [],
          "skipped": [],
          "duration": 1931,
          "root": false,
          "rootEmpty": false,
          "_timeout": 2000
        }
      ],
      "passes": [],
      "failures": [],
      "pending": [],
      "skipped": [],
      "duration": 0,
      "root": true,
      "rootEmpty": true,
      "_timeout": 2000
    }
  ],
  "meta": {
    "mocha": {
      "version": "7.0.1"
    },
    "mochawesome": {
      "options": {
        "quiet": false,
        "reportFilename": "mochawesome",
        "saveHtml": false,
        "saveJson": true,
        "consoleReporter": "spec",
        "useInlineDiffs": false,
        "code": true
      },
      "version": "7.1.3"
    },
    "marge": {
      "options": {
        "charts": true,
        "overwrite": false,
        "html": false,
        "json": true,
        "reportDir": "cypress\\report\\.jsons"
      },
      "version": "6.2.0"
    }
  }
}