{
  "stats": {
    "suites": 1,
    "tests": 4,
    "passes": 4,
    "pending": 0,
    "failures": 0,
    "start": "2023-01-04T21:43:10.461Z",
    "end": "2023-01-04T21:43:15.682Z",
    "duration": 5221,
    "testsRegistered": 4,
    "passPercent": 100,
    "pendingPercent": 0,
    "other": 0,
    "hasOther": false,
    "skipped": 0,
    "hasSkipped": false
  },
  "results": [
    {
      "uuid": "28d72127-850f-41e2-b9bb-29f0d409637a",
      "title": "",
      "fullFile": "cypress\\e2e\\productsPage\\checkAddToCart.cy.js",
      "file": "cypress\\e2e\\productsPage\\checkAddToCart.cy.js",
      "beforeHooks": [],
      "afterHooks": [],
      "tests": [],
      "suites": [
        {
          "uuid": "00164d25-7b5d-4b35-8cd4-481cfe1e5297",
          "title": "Products Page",
          "fullFile": "",
          "file": "",
          "beforeHooks": [],
          "afterHooks": [],
          "tests": [
            {
              "title": "1. Verify Adding Item to Cart",
              "fullTitle": "Products Page 1. Verify Adding Item to Cart",
              "timedOut": null,
              "duration": 1285,
              "state": "passed",
              "speed": "fast",
              "pass": true,
              "fail": false,
              "pending": false,
              "context": null,
              "code": "cy.get(_Products.ProductItems.constAddToCartBackpack).click().then(() => {\n  cy.get(_Header.ShopingCartBadge.constShoppingCartBadge).should('be.visible');\n});",
              "err": {},
              "uuid": "abe17dc7-76e1-4980-b5de-de8ab2315d76",
              "parentUUID": "00164d25-7b5d-4b35-8cd4-481cfe1e5297",
              "isHook": false,
              "skipped": false
            },
            {
              "title": "2. Adding All Items to Cart",
              "fullTitle": "Products Page 2. Adding All Items to Cart",
              "timedOut": null,
              "duration": 1702,
              "state": "passed",
              "speed": "fast",
              "pass": true,
              "fail": false,
              "pending": false,
              "context": null,
              "code": "cy.addToCart(_Products.ProductItems.constAddToCartBackpack);\ncy.addToCart(_Products.ProductItems.constAddToCartTShirt);\ncy.addToCart(_Products.ProductItems.constAddToCartOnesie);\ncy.addToCart(_Products.ProductItems.constAddToCartBikeLight);\ncy.addToCart(_Products.ProductItems.constAddToCartFleeceJacket);\ncy.addToCart(_Products.ProductItems.constAddToCartTShirtRed);",
              "err": {},
              "uuid": "492778b3-594d-454f-93b3-4e3e8817d0da",
              "parentUUID": "00164d25-7b5d-4b35-8cd4-481cfe1e5297",
              "isHook": false,
              "skipped": false
            },
            {
              "title": "3. Remove Item from Cart",
              "fullTitle": "Products Page 3. Remove Item from Cart",
              "timedOut": null,
              "duration": 990,
              "state": "passed",
              "speed": "fast",
              "pass": true,
              "fail": false,
              "pending": false,
              "context": null,
              "code": "",
              "err": {},
              "uuid": "f1bc463a-5a90-44af-b48f-7425a6cffb5e",
              "parentUUID": "00164d25-7b5d-4b35-8cd4-481cfe1e5297",
              "isHook": false,
              "skipped": false
            },
            {
              "title": "4. Check Dropdown menu",
              "fullTitle": "Products Page 4. Check Dropdown menu",
              "timedOut": null,
              "duration": 1175,
              "state": "passed",
              "speed": "fast",
              "pass": true,
              "fail": false,
              "pending": false,
              "context": null,
              "code": "",
              "err": {},
              "uuid": "05893daf-028c-4b13-9a6e-f6483f4566f0",
              "parentUUID": "00164d25-7b5d-4b35-8cd4-481cfe1e5297",
              "isHook": false,
              "skipped": false
            }
          ],
          "suites": [],
          "passes": [
            "abe17dc7-76e1-4980-b5de-de8ab2315d76",
            "492778b3-594d-454f-93b3-4e3e8817d0da",
            "f1bc463a-5a90-44af-b48f-7425a6cffb5e",
            "05893daf-028c-4b13-9a6e-f6483f4566f0"
          ],
          "failures": [],
          "pending": [],
          "skipped": [],
          "duration": 5152,
          "root": false,
          "rootEmpty": false,
          "_timeout": 2000
        }
      ],
      "passes": [],
      "failures": [],
      "pending": [],
      "skipped": [],
      "duration": 0,
      "root": true,
      "rootEmpty": true,
      "_timeout": 2000
    }
  ],
  "meta": {
    "mocha": {
      "version": "7.0.1"
    },
    "mochawesome": {
      "options": {
        "quiet": false,
        "reportFilename": "mochawesome",
        "saveHtml": false,
        "saveJson": true,
        "consoleReporter": "spec",
        "useInlineDiffs": false,
        "code": true
      },
      "version": "7.1.3"
    },
    "marge": {
      "options": {
        "charts": true,
        "overwrite": false,
        "html": false,
        "json": true,
        "reportDir": "cypress\\report\\.jsons"
      },
      "version": "6.2.0"
    }
  }
}