{
  "stats": {
    "suites": 1,
    "tests": 2,
    "passes": 2,
    "pending": 0,
    "failures": 0,
    "start": "2022-12-29T09:53:34.261Z",
    "end": "2022-12-29T09:53:36.396Z",
    "duration": 2135,
    "testsRegistered": 2,
    "passPercent": 100,
    "pendingPercent": 0,
    "other": 0,
    "hasOther": false,
    "skipped": 0,
    "hasSkipped": false
  },
  "results": [
    {
      "uuid": "43f501bb-1a56-40c9-8add-1ec64eefa1e8",
      "title": "",
      "fullFile": "cypress\\e2e\\authentication\\login.cy.js",
      "file": "cypress\\e2e\\authentication\\login.cy.js",
      "beforeHooks": [],
      "afterHooks": [],
      "tests": [],
      "suites": [
        {
          "uuid": "0ab7894b-5888-406a-a6e2-a7e014521658",
          "title": "Login Page suite",
          "fullFile": "",
          "file": "",
          "beforeHooks": [],
          "afterHooks": [],
          "tests": [
            {
              "title": "1. Login with empty username and password",
              "fullTitle": "Login Page suite 1. Login with empty username and password",
              "timedOut": null,
              "duration": 975,
              "state": "passed",
              "speed": "fast",
              "pass": true,
              "fail": false,
              "pending": false,
              "context": null,
              "code": "cy.get('[data-test=\"login-button\"]').click();\ncy.get('[data-test=\"error\"]').should('have.text', _constLogIn.loginPageErrors.epmtyFieldsError);",
              "err": {},
              "uuid": "8aca1fc4-b7bf-4632-ad2c-d9c6bec779f0",
              "parentUUID": "0ab7894b-5888-406a-a6e2-a7e014521658",
              "isHook": false,
              "skipped": false
            },
            {
              "title": "2. Login succesufully",
              "fullTitle": "Login Page suite 2. Login succesufully",
              "timedOut": null,
              "duration": 1118,
              "state": "passed",
              "speed": "fast",
              "pass": true,
              "fail": false,
              "pending": false,
              "context": null,
              "code": "cy.get('[data-test=\"username\"]').type('standard_user');\ncy.get('[data-test=\"password\"]').type('secret_sauce');\ncy.get('[data-test=\"login-button\"]').click();\ncy.get('.title').contains('Products');",
              "err": {},
              "uuid": "8e10fc74-664f-4e83-bc3b-95b328c61620",
              "parentUUID": "0ab7894b-5888-406a-a6e2-a7e014521658",
              "isHook": false,
              "skipped": false
            }
          ],
          "suites": [],
          "passes": [
            "8aca1fc4-b7bf-4632-ad2c-d9c6bec779f0",
            "8e10fc74-664f-4e83-bc3b-95b328c61620"
          ],
          "failures": [],
          "pending": [],
          "skipped": [],
          "duration": 2093,
          "root": false,
          "rootEmpty": false,
          "_timeout": 2000
        }
      ],
      "passes": [],
      "failures": [],
      "pending": [],
      "skipped": [],
      "duration": 0,
      "root": true,
      "rootEmpty": true,
      "_timeout": 2000
    }
  ],
  "meta": {
    "mocha": {
      "version": "7.0.1"
    },
    "mochawesome": {
      "options": {
        "quiet": false,
        "reportFilename": "mochawesome",
        "saveHtml": false,
        "saveJson": true,
        "consoleReporter": "spec",
        "useInlineDiffs": false,
        "code": true
      },
      "version": "7.1.3"
    },
    "marge": {
      "options": {
        "charts": true,
        "overwrite": false,
        "html": false,
        "json": true,
        "reportDir": "cypress\\report\\.jsons"
      },
      "version": "6.2.0"
    }
  }
}