{
  "stats": {
    "suites": 1,
    "tests": 4,
    "passes": 4,
    "pending": 0,
    "failures": 0,
    "start": "2023-01-04T22:14:10.931Z",
    "end": "2023-01-04T22:14:15.827Z",
    "duration": 4896,
    "testsRegistered": 4,
    "passPercent": 100,
    "pendingPercent": 0,
    "other": 0,
    "hasOther": false,
    "skipped": 0,
    "hasSkipped": false
  },
  "results": [
    {
      "uuid": "5027a153-cccf-42f0-91fb-50f4c9df5fe5",
      "title": "",
      "fullFile": "cypress\\e2e\\productsPage\\checkAddToCart.cy.js",
      "file": "cypress\\e2e\\productsPage\\checkAddToCart.cy.js",
      "beforeHooks": [],
      "afterHooks": [],
      "tests": [],
      "suites": [
        {
          "uuid": "f4faad4b-1664-4ffb-a4b3-6ad12363a271",
          "title": "Products Page",
          "fullFile": "",
          "file": "",
          "beforeHooks": [],
          "afterHooks": [],
          "tests": [
            {
              "title": "1. Verify Adding Item to Cart",
              "fullTitle": "Products Page 1. Verify Adding Item to Cart",
              "timedOut": null,
              "duration": 1458,
              "state": "passed",
              "speed": "fast",
              "pass": true,
              "fail": false,
              "pending": false,
              "context": null,
              "code": "cy.get(_Products.ProductItems.constAddToCartBackpack).click().then(() => {\n  cy.get(_Header.ShopingCartBadge.constShoppingCartBadge).should('be.visible');\n});",
              "err": {},
              "uuid": "488d9f56-4e21-436e-9e4e-63af9596d819",
              "parentUUID": "f4faad4b-1664-4ffb-a4b3-6ad12363a271",
              "isHook": false,
              "skipped": false
            },
            {
              "title": "2. Adding All Items to Cart",
              "fullTitle": "Products Page 2. Adding All Items to Cart",
              "timedOut": null,
              "duration": 1577,
              "state": "passed",
              "speed": "fast",
              "pass": true,
              "fail": false,
              "pending": false,
              "context": null,
              "code": "cy.addToCart(_Products.ProductItems.constAddToCartBackpack);\ncy.addToCart(_Products.ProductItems.constAddToCartTShirt);\ncy.addToCart(_Products.ProductItems.constAddToCartOnesie);\ncy.addToCart(_Products.ProductItems.constAddToCartBikeLight);\ncy.addToCart(_Products.ProductItems.constAddToCartFleeceJacket);\ncy.addToCart(_Products.ProductItems.constAddToCartTShirtRed);",
              "err": {},
              "uuid": "ed8fb8bf-a19f-4b8a-9fb5-42b922e6c1cb",
              "parentUUID": "f4faad4b-1664-4ffb-a4b3-6ad12363a271",
              "isHook": false,
              "skipped": false
            },
            {
              "title": "3. Remove Item from Cart",
              "fullTitle": "Products Page 3. Remove Item from Cart",
              "timedOut": null,
              "duration": 876,
              "state": "passed",
              "speed": "fast",
              "pass": true,
              "fail": false,
              "pending": false,
              "context": null,
              "code": "",
              "err": {},
              "uuid": "ad53029d-d8d8-417d-95f4-08c2a6896ce7",
              "parentUUID": "f4faad4b-1664-4ffb-a4b3-6ad12363a271",
              "isHook": false,
              "skipped": false
            },
            {
              "title": "4. Check Dropdown menu",
              "fullTitle": "Products Page 4. Check Dropdown menu",
              "timedOut": null,
              "duration": 931,
              "state": "passed",
              "speed": "fast",
              "pass": true,
              "fail": false,
              "pending": false,
              "context": null,
              "code": "",
              "err": {},
              "uuid": "4a46e669-ecc2-4cbf-b4c4-fbc600476586",
              "parentUUID": "f4faad4b-1664-4ffb-a4b3-6ad12363a271",
              "isHook": false,
              "skipped": false
            }
          ],
          "suites": [],
          "passes": [
            "488d9f56-4e21-436e-9e4e-63af9596d819",
            "ed8fb8bf-a19f-4b8a-9fb5-42b922e6c1cb",
            "ad53029d-d8d8-417d-95f4-08c2a6896ce7",
            "4a46e669-ecc2-4cbf-b4c4-fbc600476586"
          ],
          "failures": [],
          "pending": [],
          "skipped": [],
          "duration": 4842,
          "root": false,
          "rootEmpty": false,
          "_timeout": 2000
        }
      ],
      "passes": [],
      "failures": [],
      "pending": [],
      "skipped": [],
      "duration": 0,
      "root": true,
      "rootEmpty": true,
      "_timeout": 2000
    }
  ],
  "meta": {
    "mocha": {
      "version": "7.0.1"
    },
    "mochawesome": {
      "options": {
        "quiet": false,
        "reportFilename": "mochawesome",
        "saveHtml": false,
        "saveJson": true,
        "consoleReporter": "spec",
        "useInlineDiffs": false,
        "code": true
      },
      "version": "7.1.3"
    },
    "marge": {
      "options": {
        "charts": true,
        "overwrite": false,
        "html": false,
        "json": true,
        "reportDir": "cypress\\report\\.jsons"
      },
      "version": "6.2.0"
    }
  }
}