{
  "stats": {
    "suites": 1,
    "tests": 1,
    "passes": 1,
    "pending": 0,
    "failures": 0,
    "start": "2023-01-04T21:43:06.010Z",
    "end": "2023-01-04T21:43:07.905Z",
    "duration": 1895,
    "testsRegistered": 1,
    "passPercent": 100,
    "pendingPercent": 0,
    "other": 0,
    "hasOther": false,
    "skipped": 0,
    "hasSkipped": false
  },
  "results": [
    {
      "uuid": "2777d658-e336-4398-906a-09639bc24ec6",
      "title": "",
      "fullFile": "cypress\\e2e\\sideMenu\\checkSideMenu.cy.js",
      "file": "cypress\\e2e\\sideMenu\\checkSideMenu.cy.js",
      "beforeHooks": [],
      "afterHooks": [],
      "tests": [],
      "suites": [
        {
          "uuid": "b178b8f6-e9d1-4260-b1de-ba1ae07b29fc",
          "title": "Side Menu",
          "fullFile": "",
          "file": "",
          "beforeHooks": [],
          "afterHooks": [],
          "tests": [
            {
              "title": "1. Verify Side Menu Items",
              "fullTitle": "Side Menu 1. Verify Side Menu Items",
              "timedOut": null,
              "duration": 1830,
              "state": "passed",
              "speed": "fast",
              "pass": true,
              "fail": false,
              "pending": false,
              "context": null,
              "code": "cy.loginUser(standardUser.username, standardUser.password);\ncy.get(_Products.ProductTitle.constProductTitle).contains(_constProducts.productTitle.title);\ncy.get(_Header.SideMenuButton.constMenuButton).click();\ncy.sideMenuItems();\ncy.get(\".bm-cross-button\").click();\ncy.get(\".bm-menu-wrap\").invoke('attr', 'aria-hidden').should('eql', 'true');\n// test commit",
              "err": {},
              "uuid": "66f673fe-3337-464c-8a0e-c633d7b3cf23",
              "parentUUID": "b178b8f6-e9d1-4260-b1de-ba1ae07b29fc",
              "isHook": false,
              "skipped": false
            }
          ],
          "suites": [],
          "passes": [
            "66f673fe-3337-464c-8a0e-c633d7b3cf23"
          ],
          "failures": [],
          "pending": [],
          "skipped": [],
          "duration": 1830,
          "root": false,
          "rootEmpty": false,
          "_timeout": 2000
        }
      ],
      "passes": [],
      "failures": [],
      "pending": [],
      "skipped": [],
      "duration": 0,
      "root": true,
      "rootEmpty": true,
      "_timeout": 2000
    }
  ],
  "meta": {
    "mocha": {
      "version": "7.0.1"
    },
    "mochawesome": {
      "options": {
        "quiet": false,
        "reportFilename": "mochawesome",
        "saveHtml": false,
        "saveJson": true,
        "consoleReporter": "spec",
        "useInlineDiffs": false,
        "code": true
      },
      "version": "7.1.3"
    },
    "marge": {
      "options": {
        "charts": true,
        "overwrite": false,
        "html": false,
        "json": true,
        "reportDir": "cypress\\report\\.jsons"
      },
      "version": "6.2.0"
    }
  }
}