{
  "stats": {
    "suites": 1,
    "tests": 4,
    "passes": 4,
    "pending": 0,
    "failures": 0,
    "start": "2022-12-29T10:03:12.123Z",
    "end": "2022-12-29T10:03:17.980Z",
    "duration": 5857,
    "testsRegistered": 4,
    "passPercent": 100,
    "pendingPercent": 0,
    "other": 0,
    "hasOther": false,
    "skipped": 0,
    "hasSkipped": false
  },
  "results": [
    {
      "uuid": "6793bb83-f08b-450e-a49d-8d7288bb3cee",
      "title": "",
      "fullFile": "cypress\\e2e\\productsPage\\checkAddToCart.cy.js",
      "file": "cypress\\e2e\\productsPage\\checkAddToCart.cy.js",
      "beforeHooks": [],
      "afterHooks": [],
      "tests": [],
      "suites": [
        {
          "uuid": "2a581783-e9fc-4f9f-babd-af74a08ce332",
          "title": "Products Page",
          "fullFile": "",
          "file": "",
          "beforeHooks": [],
          "afterHooks": [],
          "tests": [
            {
              "title": "1. Verify Adding Item to Cart",
              "fullTitle": "Products Page 1. Verify Adding Item to Cart",
              "timedOut": null,
              "duration": 1369,
              "state": "passed",
              "speed": "fast",
              "pass": true,
              "fail": false,
              "pending": false,
              "context": null,
              "code": "cy.get(_Products.ProductItems.constAddToCartBackpack).click().then(() => {\n  cy.get(_Header.ShopingCartBadge.constShoppingCartBadge).should('be.visible');\n});",
              "err": {},
              "uuid": "fe7829a1-3141-4eb9-a14c-a5a9e356c0ca",
              "parentUUID": "2a581783-e9fc-4f9f-babd-af74a08ce332",
              "isHook": false,
              "skipped": false
            },
            {
              "title": "2. Adding All Items to Cart",
              "fullTitle": "Products Page 2. Adding All Items to Cart",
              "timedOut": null,
              "duration": 2052,
              "state": "passed",
              "speed": "fast",
              "pass": true,
              "fail": false,
              "pending": false,
              "context": null,
              "code": "cy.addToCart(_Products.ProductItems.constAddToCartBackpack);\ncy.addToCart(_Products.ProductItems.constAddToCartTShirt);\ncy.addToCart(_Products.ProductItems.constAddToCartOnesie);\ncy.addToCart(_Products.ProductItems.constAddToCartBikeLight);\ncy.addToCart(_Products.ProductItems.constAddToCartFleeceJacket);\ncy.addToCart(_Products.ProductItems.constAddToCartTShirtRed);",
              "err": {},
              "uuid": "6ab7a583-4b75-4007-b04c-a4beabd00b0f",
              "parentUUID": "2a581783-e9fc-4f9f-babd-af74a08ce332",
              "isHook": false,
              "skipped": false
            },
            {
              "title": "3. Remove Item from Cart",
              "fullTitle": "Products Page 3. Remove Item from Cart",
              "timedOut": null,
              "duration": 1335,
              "state": "passed",
              "speed": "fast",
              "pass": true,
              "fail": false,
              "pending": false,
              "context": null,
              "code": "",
              "err": {},
              "uuid": "0587d9fc-b464-4e64-a51d-195eaf7ff325",
              "parentUUID": "2a581783-e9fc-4f9f-babd-af74a08ce332",
              "isHook": false,
              "skipped": false
            },
            {
              "title": "4. Check Dropdown menu",
              "fullTitle": "Products Page 4. Check Dropdown menu",
              "timedOut": null,
              "duration": 1053,
              "state": "passed",
              "speed": "fast",
              "pass": true,
              "fail": false,
              "pending": false,
              "context": null,
              "code": "",
              "err": {},
              "uuid": "ee0cdff8-ff12-4e29-b8d9-79d5e08d3084",
              "parentUUID": "2a581783-e9fc-4f9f-babd-af74a08ce332",
              "isHook": false,
              "skipped": false
            }
          ],
          "suites": [],
          "passes": [
            "fe7829a1-3141-4eb9-a14c-a5a9e356c0ca",
            "6ab7a583-4b75-4007-b04c-a4beabd00b0f",
            "0587d9fc-b464-4e64-a51d-195eaf7ff325",
            "ee0cdff8-ff12-4e29-b8d9-79d5e08d3084"
          ],
          "failures": [],
          "pending": [],
          "skipped": [],
          "duration": 5809,
          "root": false,
          "rootEmpty": false,
          "_timeout": 2000
        }
      ],
      "passes": [],
      "failures": [],
      "pending": [],
      "skipped": [],
      "duration": 0,
      "root": true,
      "rootEmpty": true,
      "_timeout": 2000
    }
  ],
  "meta": {
    "mocha": {
      "version": "7.0.1"
    },
    "mochawesome": {
      "options": {
        "quiet": false,
        "reportFilename": "mochawesome",
        "saveHtml": false,
        "saveJson": true,
        "consoleReporter": "spec",
        "useInlineDiffs": false,
        "code": true
      },
      "version": "7.1.3"
    },
    "marge": {
      "options": {
        "charts": true,
        "overwrite": false,
        "html": false,
        "json": true,
        "reportDir": "cypress\\report\\.jsons"
      },
      "version": "6.2.0"
    }
  }
}